<?xml version="1.0" encoding="UTF-8"?>
<!-- Generated by org.testng.reporters.JUnitReportReporter -->
<testsuite hostname="Abidur_Pc" failures="0" tests="1" name="com.runner.Runner" time="0.979" errors="0" timestamp="2021-10-09T21:16:18 EDT" skipped="0">
  <testcase classname="com.runner.Runner" name="runScenario" time="0.979"/>
  <system-out/>
</testsuite> <!-- com.runner.Runner -->
